1_6	CT+	0.2006083291863959	Uu	0.7739800760663258	NA	8.828662635694367E-4	PR+	0.00789629408722428	CT-	0.008628429117252237	PS+	0.005222502402939903	PR-	0.0011716924486932384	PS-	8.134335583452425E-4	CTu	7.963768692538543E-4
1_8	CT+	0.13551463467272443	Uu	0.8400245399216416	NA	0.0024579445860465152	PR+	0.008707474205003162	CT-	0.004498555595873843	PS+	0.004842278427968781	PR-	0.002176359958365632	PS-	7.359117135301089E-4	CTu	0.0010423009188459409
1_14	CT+	0.7639193429846451	Uu	0.22381085334954873	NA	2.433544040666144E-4	PR+	0.001515497114448725	CT-	0.005192384497954127	PS+	0.0029782180172752727	PR-	0.0011461785417460782	PS-	8.253472920429326E-4	CTu	3.688237982724367E-4
2_22	CT+	0.7091091609717436	Uu	0.2686382688729418	NA	0.001004892128527764	PR+	0.009374262631631962	CT-	0.00484909937314541	PS+	0.0032910448599988546	PR-	0.0021024662043227747	PS-	0.001106618887458859	CTu	5.241860702289412E-4
2_23	CT+	0.7091091609717436	Uu	0.2686382688729418	NA	0.001004892128527764	PR+	0.009374262631631962	CT-	0.00484909937314541	PS+	0.0032910448599988546	PR-	0.0021024662043227747	PS-	0.001106618887458859	CTu	5.241860702289412E-4
3_31	CT+	0.2006083291863959	Uu	0.7739800760663258	NA	8.828662635694367E-4	PR+	0.00789629408722428	CT-	0.008628429117252237	PS+	0.005222502402939903	PR-	0.0011716924486932384	PS-	8.134335583452425E-4	CTu	7.963768692538543E-4
3_33	CT+	0.13551463467272443	Uu	0.8400245399216416	NA	0.0024579445860465152	PR+	0.008707474205003162	CT-	0.004498555595873843	PS+	0.004842278427968781	PR-	0.002176359958365632	PS-	7.359117135301089E-4	CTu	0.0010423009188459409
3_39	CT+	0.7639193429846451	Uu	0.22381085334954873	NA	2.433544040666144E-4	PR+	0.001515497114448725	CT-	0.005192384497954127	PS+	0.0029782180172752727	PR-	0.0011461785417460782	PS-	8.253472920429326E-4	CTu	3.688237982724367E-4
4_47	CT+	0.7091091609717436	Uu	0.2686382688729418	NA	0.001004892128527764	PR+	0.009374262631631962	CT-	0.00484909937314541	PS+	0.0032910448599988546	PR-	0.0021024662043227747	PS-	0.001106618887458859	CTu	5.241860702289412E-4
4_48	CT+	0.7091091609717436	Uu	0.2686382688729418	NA	0.001004892128527764	PR+	0.009374262631631962	CT-	0.00484909937314541	PS+	0.0032910448599988546	PR-	0.0021024662043227747	PS-	0.001106618887458859	CTu	5.241860702289412E-4
5_70	CT+	0.0032148076220024644	Uu	0.9915472655910461	NA	5.9525411729688E-4	PR+	0.0013906625997929325	CT-	0.001455639974124905	PS+	9.096734138368086E-4	PR-	2.3978392437550776E-4	PS-	1.5849389410226518E-4	CTu	4.884188634221177E-4
5_72	CT+	6.94902881954743E-4	Uu	0.995700474322101	NA	3.3997062778484466E-4	PR+	7.480135111662777E-4	CT-	0.0015125501275260105	PS+	4.978231687571069E-4	PR-	1.3618885474416534E-4	PS-	9.021058746118989E-5	CTu	2.798659185049063E-4
5_76	CT+	0.26520593555274713	Uu	0.7038877260543726	NA	0.0011929747691397051	PR+	0.0035140831470759195	CT-	0.020355215356341563	PS+	0.002489796346855136	PR-	0.0010830004092720715	PS-	0.0011239985150651108	CTu	0.0011472698491310016
5_90	CT+	0.32197369475299714	Uu	0.6480178975193923	NA	0.001895988928571027	PR+	0.011184381590431286	CT-	0.0025085100733586163	PS+	0.008238769837673842	PR-	0.002317973232433349	PS-	0.002750326559217627	CTu	0.0011124575059246761
5_93	CT+	0.5722132399094461	Uu	0.4107073573929432	NA	5.856724168795063E-4	PR+	0.006439137516203841	CT-	0.002177908824273742	PS+	0.0037948289121291553	PR-	0.0015821660080841521	PS-	0.001777338036025211	CTu	7.223509840154058E-4
6_108	CT+	0.0032148076220024644	Uu	0.9915472655910461	NA	5.9525411729688E-4	PR+	0.0013906625997929325	CT-	0.001455639974124905	PS+	9.096734138368086E-4	PR-	2.3978392437550776E-4	PS-	1.5849389410226518E-4	CTu	4.884188634221177E-4
6_110	CT+	6.94902881954743E-4	Uu	0.995700474322101	NA	3.3997062778484466E-4	PR+	7.480135111662777E-4	CT-	0.0015125501275260105	PS+	4.978231687571069E-4	PR-	1.3618885474416534E-4	PS-	9.021058746118989E-5	CTu	2.798659185049063E-4
6_114	CT+	0.26520593555274713	Uu	0.7038877260543726	NA	0.0011929747691397051	PR+	0.0035140831470759195	CT-	0.020355215356341563	PS+	0.002489796346855136	PR-	0.0010830004092720715	PS-	0.0011239985150651108	CTu	0.0011472698491310016
6_127	CT+	0.32197369475299714	Uu	0.6480178975193923	NA	0.001895988928571027	PR+	0.011184381590431286	CT-	0.0025085100733586163	PS+	0.008238769837673842	PR-	0.002317973232433349	PS-	0.002750326559217627	CTu	0.0011124575059246761
6_130	CT+	0.5722132399094461	Uu	0.4107073573929432	NA	5.856724168795063E-4	PR+	0.006439137516203841	CT-	0.002177908824273742	PS+	0.0037948289121291553	PR-	0.0015821660080841521	PS-	0.001777338036025211	CTu	7.223509840154058E-4
